"../../../Engine/Content/EditorResources/S_Actor.uasset" 0
"../../../Engine/Content/EngineResources/AICON-Red.uasset" 1
"../../../Engine/Content/EngineResources/AICON-Green.uasset" 2
"../../../Engine/Content/EngineFonts/Roboto.uasset" 3
"../../../Engine/Content/EngineMaterials/DefaultDiffuse.uasset" 4
"../../../Engine/Content/EngineMaterials/DefaultDeferredDecalMaterial.uasset" 5
"../../../Engine/Content/EngineMaterials/DefaultLightFunctionMaterial.uasset" 6
"../../../Engine/Content/Functions/Engine_MaterialFunctions02/Utility/BreakOutFloat2Components.uasset" 7
"../../../Engine/Content/EngineMaterials/DefaultPostProcessMaterial.uasset" 8
"../../../Engine/Content/EngineResources/DefaultTexture.uasset" 9
"../../../Engine/Content/Functions/Engine_MaterialFunctions01/Texturing/ScaleUVsByCenter.uasset" 10
"../../../Engine/Content/Functions/Engine_MaterialFunctions02/ScreenResolution.uasset" 11
"../../../Engine/Content/Functions/Engine_MaterialFunctions02/Texturing/ScreenAlignedUVs.uasset" 12
"../../../Engine/Content/EngineResources/WhiteSquareTexture.uasset" 13
"../../../Engine/Content/EngineMaterials/Widget3DPassThrough.uasset" 14
"../../../Engine/Content/EngineMaterials/Widget3DPassThrough_Translucent.uasset" 15
"../../../Engine/Content/EngineMaterials/Widget3DPassThrough_Translucent_OneSided.uasset" 16
"../../../Engine/Content/EngineMaterials/Widget3DPassThrough_Opaque.uasset" 17
"../../../Engine/Content/EngineMaterials/Widget3DPassThrough_Opaque_OneSided.uasset" 18
"../../../Engine/Content/EngineMaterials/Widget3DPassThrough_Masked.uasset" 19
"../../../Engine/Content/EngineMaterials/Widget3DPassThrough_Masked_OneSided.uasset" 20
"../../../Engine/Content/Maps/Templates/Thumbnails/Default.uasset" 21
"../../../Engine/Content/Maps/Templates/Thumbnails/VR-Basic.uasset" 22
"../../../Engine/Content/EditorMaterials/ParticleSystems/PSysThumbnail_NoImage.uasset" 23
"../../../Engine/Content/EditorMaterials/ParticleSystems/PSysThumbnail_OOD.uasset" 24
"../../../Engine/Content/EditorLandscapeResources/DataLayer.uasset" 25
"../../../Engine/Content/EngineDamageTypes/DmgTypeBP_Environmental.uasset" 26
"../../../Engine/Content/EngineMeshes/Sphere.uasset" 27
"../../../Engine/Content/EngineFonts/RobotoDistanceField.uasset" 28
"../../../Engine/Content/EngineMaterials/DefaultTextMaterialOpaque.uasset" 29
"../../../Engine/Content/EditorResources/S_Trigger.uasset" 30
"../../../Engine/Content/EngineResources/GradientTexture0.uasset" 31
"../../../Engine/Content/EngineResources/Black.uasset" 32
"../../../Engine/Content/EditorMaterials/MatineeGroups/MAT_Groups_Float.uasset" 33
"../../../Engine/Content/EditorMaterials/MatineeGroups/MAT_Groups_Director.uasset" 34
"../../../Engine/Content/EditorMaterials/MatineeGroups/MAT_Groups_Event.uasset" 35
"../../../Engine/Content/EditorMaterials/MatineeGroups/MAT_Groups_Anim.uasset" 36
"../../../Engine/Content/EditorMaterials/MatineeGroups/MAT_Groups_Fade.uasset" 37
"../../../Engine/Content/EditorMaterials/MatineeGroups/MAT_Groups_Move.uasset" 38
"../../../Engine/Content/EditorMaterials/MatineeGroups/MAT_Groups_Slomo.uasset" 39
"../../../Engine/Content/EditorMaterials/MatineeGroups/MAT_ColorTrack.uasset" 40
"../../../Engine/Content/EditorMaterials/MAT_Groups_Toggle.uasset" 41
"../../../Engine/Content/EditorMaterials/MatineeGroups/MAT_Groups_AudioMaster.uasset" 42
"../../../Engine/Content/EditorMaterials/MatineeGroups/MAT_Groups_Sound.uasset" 43
"../../../Engine/Content/EditorMaterials/MatineeGroups/MAT_Groups_Vector.uasset" 44
"../../../Engine/Content/EditorMaterials/MAT_Groups_Visibility.uasset" 45
"../../../Engine/Content/EngineResources/DefaultTextureCube.uasset" 46
"../../../Engine/Content/Functions/Engine_MaterialFunctions01/Opacity/CameraDepthFade.uasset" 47
"../../../Engine/Content/EngineMaterials/T_Default_Material_Grid_M.uasset" 48
"../../../Engine/Content/EngineMaterials/T_Default_Material_Grid_N.uasset" 49
"../../../Engine/Content/EngineMaterials/DefaultMaterial.uasset" 50
"../../../Engine/Content/EngineMeshes/Cylinder.uasset" 51
"../../../Engine/Content/EngineTireTypes/DefaultTireType.uasset" 52
"../../../Engine/Content/EditorMaterials/Camera/CineMat.uasset" 53
"../../../Engine/Content/EditorMaterials/Camera/MI_CineMat_Rig.uasset" 54
"../../../Engine/Content/EditorMeshes/Camera/SM_CraneRig_Base.uasset" 55
"../../../Engine/Content/EditorMeshes/Camera/SM_CraneRig_Arm.uasset" 56
"../../../Engine/Content/EditorMeshes/Camera/SM_CraneRig_Mount.uasset" 57
"../../../Engine/Content/EditorMeshes/Camera/SM_CraneRig_Body.uasset" 58
"../../../Engine/Content/EditorMeshes/Camera/SM_RailRig_Mount.uasset" 59
"../../../Engine/Content/VREditor/LaserPointer/VR_LaserPower_01.uasset" 60
"../../../Engine/Content/VREditor/TransformGizmo/TransformGizmoMaterial.uasset" 61
"../../../Engine/Content/VREditor/TransformGizmo/TranslucentTransformGizmoMaterial.uasset" 62
"../../../Engine/Content/VREditor/TransformGizmo/TranslationHandle.uasset" 63
"../../../Engine/Content/VREditor/TransformGizmo/PlaneTranslationHandle.uasset" 64
"../../../Engine/Content/VREditor/TransformGizmo/RotationHandle.uasset" 65
"../../../Engine/Content/VREditor/TransformGizmo/StretchingHandle.uasset" 66
"../../../Engine/Content/VREditor/TransformGizmo/BoundingBoxCorner.uasset" 67
"../../../Engine/Content/VREditor/TransformGizmo/BoundingBoxEdge.uasset" 68
"../../../Engine/Content/VREditor/TransformGizmo/UniformScaleHandle.uasset" 69
"../../../Engine/Content/VREditor/FloatingText/LineMaterial.uasset" 70
"../../../Engine/Content/VREditor/FloatingText/LineSegmentCylinder.uasset" 71
"../../../Engine/Content/VREditor/FloatingText/JointSphere.uasset" 72
"../../../Engine/Content/VREditor/Fonts/VRText_RobotoLarge.uasset" 73
"../../../Engine/Content/VREditor/Fonts/VRTextMaterial.uasset" 74
"../../../Engine/Content/VREditor/Fonts/TranslucentVRTextMaterial.uasset" 75
"../../../Engine/Content/VREditor/UI/SelectionBarMesh.uasset" 76
"../../../Engine/Content/VREditor/UI/CloseButtonMesh.uasset" 77
"../../../Engine/Content/Tutorial/ContentIntroCurve.uasset" 78
"../../../Engine/Plugins/2D/Paper2D/Content/PlaceholderTextures/DummySpriteTexture.uasset" 79
"../../../Engine/Plugins/2D/Paper2D/Content/DefaultSpriteMaterial.uasset" 80
"../../../Engine/Plugins/2D/Paper2D/Content/MaskedUnlitSpriteMaterial.uasset" 81
"../../../Engine/Plugins/2D/Paper2D/Content/OpaqueUnlitSpriteMaterial.uasset" 82
"../../../Engine/Plugins/2D/Paper2D/Content/DummySprite.uasset" 83
"../../../Engine/Plugins/2D/Paper2D/Content/DefaultPaperTerrainMaterial.uasset" 84
"../../../Engine/Content/EngineMaterials/RemoveSurfaceMaterial.uasset" 85
"../../../Engine/Content/EngineDebugMaterials/DebugMeshMaterial.uasset" 86
"../../../Engine/Content/EngineMaterials/InvalidLightmapSettings.uasset" 87
"../../../Engine/Content/EngineMaterials/M_InvalidLightmapSettings.uasset" 88
"../../../Engine/Content/EditorMaterials/GizmoMaterial.uasset" 89
"../../../Engine/Content/EngineMaterials/Good64x64TilingNoiseHighFreq.uasset" 90
"../../../Engine/Content/EngineMaterials/DefaultBokeh.uasset" 91
"../../../Engine/Content/EngineMaterials/PreintegratedSkinBRDF.uasset" 92
"../../../Engine/Content/EngineMaterials/MiniFont.uasset" 93
"../../../Engine/Content/EngineMaterials/WeightMapPlaceholderTexture.uasset" 94
"../../../Engine/Content/EngineMaterials/DefaultWhiteGrid.uasset" 95
"../../../Engine/Content/EngineFonts/RobotoTiny.uasset" 96
"../../../Engine/Content/EditorSounds/Notifications/CompileSuccess.uasset" 97
"../../../Engine/Content/EditorSounds/Notifications/CompileStart_Cue.uasset" 98
"../../../Engine/Content/EditorSounds/Notifications/CompileSuccess_Cue.uasset" 99
"../../../Engine/Content/EditorSounds/Notifications/CompileFailed.uasset" 100
"../../../Engine/Content/EditorSounds/Notifications/CompileFailed_Cue.uasset" 101
"../../../Aiya2/Content/Environment/Shading/LightSource.uasset" 102
"../../../Aiya2/Content/Environment/Shading/Textures/T_Cel_Shading_Gradiant_07.uasset" 103
"../../../Aiya2/Content/Environment/Shading/DirectionalShading.uasset" 104
"../../../Aiya2/Content/Final/Assets/Meshes/RoadKillOutMat.uasset" 105
"../../../Aiya2/Content/Final/Assets/Meshes/hose.uasset" 106
"../../../Engine/Plugins/2D/Paper2D/Content/TranslucentUnlitSpriteMaterial.uasset" 107
"../../../Aiya2/Content/HUD/Assets/Sprite/SS_Hourglass_01.uasset" 108
"../../../Aiya2/Content/HUD/Assets/Sprite/SS_Hourglass_01_Sprite_19.uasset" 109
"../../../Aiya2/Content/HUD/Assets/Sprite/SS_Hourglass_01_Sprite_2.uasset" 110
"../../../Aiya2/Content/HUD/Assets/Sprite/SS_Hourglass_01_Sprite_3.uasset" 111
"../../../Aiya2/Content/HUD/Assets/Sprite/SS_Hourglass_01_Sprite_4.uasset" 112
"../../../Aiya2/Content/HUD/Assets/Sprite/SS_Hourglass_01_Sprite_5.uasset" 113
"../../../Aiya2/Content/HUD/Assets/Sprite/SS_Hourglass_01_Sprite_6.uasset" 114
"../../../Aiya2/Content/HUD/Assets/Sprite/SS_Hourglass_01_Sprite_7.uasset" 115
"../../../Aiya2/Content/Effects/Textures/Noise/T_TilingNoise16.uasset" 116
"../../../Aiya2/Content/HUD/Menus/SharedAssets/T_Exit_Click_05.uasset" 117
"../../../Aiya2/Content/HUD/Assets/Sprite/SS_Hourglass_01_Sprite_0.uasset" 118
"../../../Aiya2/Content/HUD/Assets/Sprite/SS_Hourglass_01_Sprite_1.uasset" 119
"../../../Aiya2/Content/HUD/Assets/Sprite/SS_Hourglass_01_Sprite_10.uasset" 120
"../../../Aiya2/Content/HUD/Assets/Sprite/SS_Hourglass_01_Sprite_11.uasset" 121
"../../../Aiya2/Content/HUD/Assets/Sprite/SS_Hourglass_01_Sprite_12.uasset" 122
"../../../Aiya2/Content/HUD/Assets/Sprite/SS_Hourglass_01_Sprite_13.uasset" 123
"../../../Aiya2/Content/HUD/Assets/Sprite/SS_Hourglass_01_Sprite_14.uasset" 124
"../../../Aiya2/Content/HUD/Assets/Sprite/SS_Hourglass_01_Sprite_15.uasset" 125
"../../../Aiya2/Content/HUD/Assets/Sprite/SS_Hourglass_01_Sprite_16.uasset" 126
"../../../Aiya2/Content/HUD/Assets/Sprite/SS_Hourglass_01_Sprite_17.uasset" 127
"../../../Aiya2/Content/HUD/Assets/Sprite/SS_Hourglass_01_Sprite_18.uasset" 128
"../../../Aiya2/Content/HUD/Menus/Start/Assets/T_Start_Mouseover_01.uasset" 129
"../../../Aiya2/Content/QuestSystem/Quests/crates/Meshes/Box001Mat.uasset" 130
"../../../Aiya2/Content/QuestSystem/Quests/crates/Meshes/crate.uasset" 131
"../../../Engine/Content/MobileResources/HUD/AnalogHat.uasset" 132
"../../../Engine/Content/MobileResources/HUD/VirtualJoystick_Background.uasset" 133
"../../../Engine/Content/MobileResources/HUD/VirtualJoystick_Thumb.uasset" 134
"../../../Engine/Content/MobileResources/HUD/DefaultVirtualJoysticks.uasset" 135
"../../../Engine/Content/MobileResources/T_MobileMenu2.uasset" 136
"../../../Aiya2/Content/Environment/Buildings/Textures/fence1.uasset" 137
"../../../Aiya2/Content/HUD/Menus/Start/Assets/T_Logo_Main_02.uasset" 138
"../../../Aiya2/Content/Environment/Buildings/Textures/fencepost_Diffuse.uasset" 139
"../../../Aiya2/Content/Environment/Foliage/Textures/grass3_diffuse.uasset" 140
"../../../Engine/Content/Functions/Engine_MaterialFunctions01/Gradient/LinearGradient.uasset" 141
"../../../Engine/Content/Functions/Engine_MaterialFunctions01/ImageAdjustment/CheapContrast.uasset" 142
"../../../Engine/Content/Functions/Engine_MaterialFunctions01/Texturing/SlopeMask.uasset" 143
"../../../Engine/Content/Functions/Engine_MaterialFunctions01/Texturing/WorldAlignedTexture.uasset" 144
"../../../Engine/Content/Functions/MaterialLayerFunctions/MatLayerBlend_Simple.uasset" 145
"../../../Aiya2/Content/Environment/Layers/Cliff/Textures/Cliff_0.uasset" 146
"../../../Aiya2/Content/Environment/Layers/Cliff/MaterialFunction/F_Cliff_Layer.uasset" 147
"../../../Aiya2/Content/Environment/Layers/Grass/Textures/Grass_0.uasset" 148
"../../../Aiya2/Content/Environment/Layers/Grass/MaterialFunction/F_Grass_Layer.uasset" 149
"../../../Aiya2/Content/Environment/Layers/Materials/M_Landscape_0.uasset" 150
"../../../Aiya2/Content/Environment/Layers/Materials/M_Landscape_0_Inst.uasset" 151
"../../../Aiya2/Content/Environment/Shading/Textures/T_Cel_Shading_Gradiant_06.uasset" 152
"../../../Engine/Content/Functions/Engine_MaterialFunctions02/Math/TimeWithSpeedVariable.uasset" 153
"../../../Aiya2/Content/Functions/Panner_Speed.uasset" 154
"../../../Engine/Content/Functions/Engine_MaterialFunctions02/Utility/Sign.uasset" 155
"../../../Engine/Content/Functions/Engine_MaterialFunctions02/Utility/Round.uasset" 156
"../../../Engine/Content/Functions/Engine_MaterialFunctions02/ExampleContent/Textures/flipbook.uasset" 157
"../../../Engine/Content/Functions/Engine_MaterialFunctions02/Texturing/FlipBook.uasset" 158
"../../../Aiya2/Content/HUD/Assets/Sprite/NewMaterial.uasset" 159
"../../../Engine/Content/MobileResources/HUD/MobileHUDDirectionStick.uasset" 160
"../../../Aiya2/Content/QuestSystem/Quests/GoFishing/Textures/Bottle2.uasset" 161
"../../../Engine/Content/EditorBlueprintResources/StandardMacros.uasset" 162
"../../../Aiya2/Content/UsableActor/Functions/Arrays.uasset" 163
"../../../Aiya2/Content/UsableActor/Inventory/assets/cloud.uasset" 164
"../../../Aiya2/Content/UsableActor/Struct/MessageProperties.uasset" 165
"../../../Aiya2/Content/UsableActor/UsableActor.uasset" 166
"../../../Aiya2/Content/QuestSystem/BlueprintQuests/Objectives/QuestObjective.uasset" 167
"../../../Aiya2/Content/QuestSystem/BlueprintQuests/Quest.uasset" 168
"../../../Aiya2/Content/Font/FootlightMTLight.uasset" 169
"../../../Aiya2/Content/HUD/Quests/Assets/Log/QuestBackground_Corners.uasset" 170
"../../../Aiya2/Content/HUD/Quests/Assets/Log/QuestBackground_Middle.uasset" 171
"../../../Aiya2/Content/HUD/Quests/Assets/Log/QuestBackground_sides.uasset" 172
"../../../Aiya2/Content/HUD/Quests/QuestEntry.uasset" 173
"../../../Aiya2/Content/HUD/Quests/QuestLog.uasset" 174
"../../../Aiya2/Content/HUD/FishImageWidget.uasset" 175
"../../../Aiya2/Content/HUD/Fishing/Hourglass/T_Fishing_Hourglass_01.uasset" 176
"../../../Aiya2/Content/HUD/Fishing/Waiting.uasset" 177
"../../../Aiya2/Content/HUD/Inventory/Assets/InventoryButton/itemcloud_OnClick.uasset" 178
"../../../Aiya2/Content/HUD/Inventory/Assets/InventoryButton/itemcloud_OnMouseOver.uasset" 179
"../../../Aiya2/Content/HUD/Inventory/InventorySlot.uasset" 180
"../../../Aiya2/Content/UsableActor/Inventory/Structs/InventoryStruct.uasset" 181
"../../../Aiya2/Content/HUD/Inventory/Assets/Button/Button1_Mouseover.uasset" 182
"../../../Aiya2/Content/HUD/Inventory/Assets/Button/Button1_NormalState.uasset" 183
"../../../Aiya2/Content/HUD/Inventory/Assets/Button/Button1_ONLClick.uasset" 184
"../../../Aiya2/Content/HUD/Inventory/Assets/Button/Button2_Mouseover.uasset" 185
"../../../Aiya2/Content/HUD/Inventory/Assets/Button/Button2_NormalState.uasset" 186
"../../../Aiya2/Content/HUD/Inventory/Assets/Button/Button2_ONLClick.uasset" 187
"../../../Aiya2/Content/HUD/Inventory/Assets/Panel/inventory_scroll.uasset" 188
"../../../Aiya2/Content/HUD/Inventory/Inventory.uasset" 189
"../../../Aiya2/Content/QuestSystem/Quests/GoFishing/Fish.uasset" 190
"../../../Aiya2/Content/Environment/Textures/T_ShapeNormal.uasset" 191
"../../../Aiya2/Content/Environment/Water/M_Water_Surface.uasset" 192
"../../../Aiya2/Content/Environment/Meshes/SM_Shape_Plane.uasset" 193
"../../../Aiya2/Content/Environment/Water/Water.uasset" 194
"../../../Aiya2/Content/Final/Assets/Textures/bobber.uasset" 195
"../../../Aiya2/Content/Final/Assets/Meshes/bobber_hook001Mat.uasset" 196
"../../../Aiya2/Content/Environment/Water/particles/T_Ripple_Alpha.uasset" 197
"../../../Aiya2/Content/Environment/Water/particles/M_Fountain_Ripples.uasset" 198
"../../../Aiya2/Content/Environment/Water/particles/P_Fountain_Ripples.uasset" 199
"../../../Aiya2/Content/Final/Assets/Meshes/Bobber.uasset" 200
"../../../Aiya2/Content/QuestSystem/Quests/GoFishing/Audio/A_BobberSplash.uasset" 201
"../../../Aiya2/Content/UsableActor/Inventory/WorldItems/Items/Bobber.uasset" 202
"../../../Aiya2/Content/Assets/Textures/T_Bottle_01.uasset" 203
"../../../Aiya2/Content/Assets/Textures/T_Bottle_02.uasset" 204
"../../../Aiya2/Content/Assets/Textures/T_Bottle_03.uasset" 205
"../../../Aiya2/Content/Assets/Textures/T_FishingPoleIcon_01.uasset" 206
"../../../Aiya2/Content/Assets/Textures/T_Puffer_01.uasset" 207
"../../../Aiya2/Content/Assets/Textures/T_Tunnie_01.uasset" 208
"../../../Aiya2/Content/Final/Assets/Textures/fishingpole.uasset" 209
"../../../Aiya2/Content/Final/Assets/Meshes/fishing_pole001Mat.uasset" 210
"../../../Aiya2/Content/Final/Assets/Meshes/Fishingpole.uasset" 211
"../../../Aiya2/Content/UsableActor/Inventory/WorldItems/Items/FishingPole.uasset" 212
"../../../Aiya2/Content/HUD/Fishing/T_Fishing_Wdiget_Lost_Fish.uasset" 213
"../../../Aiya2/Content/HUD/Fishing/T_Fishing_Widget_Line_Break.uasset" 214
"../../../Aiya2/Content/HUD/Fishing/T_Fishing_Widget_Progress_02.uasset" 215
"../../../Aiya2/Content/HUD/Fishing/Reeling.uasset" 216
"../../../Aiya2/Content/Functions/ObjectMacros.uasset" 217
"../../../Aiya2/Content/HUD/Messages/MessageWidget.uasset" 218
"../../../Aiya2/Content/HUD/Messages/MessageContainerWidget.uasset" 219
"../../../Aiya2/Content/HUD/Messages/MessagesWidget.uasset" 220
"../../../Aiya2/Content/HUD/Game/GameHUD.uasset" 221
"../../../Aiya2/Content/HUD/Inventory/PickupText.uasset" 222
"../../../Aiya2/Content/UsableActor/Inventory/PickupActor.uasset" 223
"../../../Aiya2/Content/UsableActor/Inventory/EquipableActor.uasset" 224
"../../../Aiya2/Content/HUD/Menus/Pause/Assets/T_Menu_01.uasset" 225
"../../../Aiya2/Content/HUD/Menus/Pause/Assets/T_Menu_Click_01.uasset" 226
"../../../Aiya2/Content/HUD/Menus/Pause/Assets/T_Menu_Mouseover_01.uasset" 227
"../../../Aiya2/Content/HUD/Menus/Pause/Assets/T_Resume_01.uasset" 228
"../../../Aiya2/Content/HUD/Menus/Pause/Assets/T_Resume_Click_01.uasset" 229
"../../../Aiya2/Content/HUD/Menus/Pause/Assets/T_Resume_Mouseover_01.uasset" 230
"../../../Aiya2/Content/HUD/Menus/Start/Assets/T_Exit_02.uasset" 231
"../../../Aiya2/Content/HUD/Menus/Start/Assets/T_Exit_Click_01.uasset" 232
"../../../Aiya2/Content/HUD/Menus/Start/Assets/T_Exit_Mouseover_01.uasset" 233
"../../../Aiya2/Content/HUD/Menus/Start/Assets/T_Logo_Main_01.uasset" 234
"../../../Aiya2/Content/HUD/Menus/Pause/PauseWidget.uasset" 235
"../../../Aiya2/Content/Character/Controllers/BP_PlayerController_Fishing.uasset" 236
"../../../Aiya2/Content/Cinematics/Sequences/Fountain/Fountain_Orbit.uasset" 237
"../../../Aiya2/Content/Audio/CUE_Ambient_Music_01.uasset" 238
"../../../Aiya2/Content/Audio/CUE_Level_Completed_01.uasset" 239
"../../../Aiya2/Content/HUD/Menus/Complete/CompleteWidget.uasset" 240
"../../../Aiya2/Content/Cinematics/Sequences/Fountain/Fountain_View.uasset" 241
"../../../Aiya2/Content/Cinematics/Sequences/MainMenuVideo/SQ_Beach_Orbit_01.uasset" 242
"../../../Aiya2/Content/Cinematics/Sequences/MainMenuVideo/SQ_Building_Walkthrough_01.uasset" 243
"../../../Aiya2/Content/Cinematics/Sequences/MainMenuVideo/SQ_Temple_Orbit_01.uasset" 244
"../../../Aiya2/Content/Cinematics/Sequences/MainMenuVideo/SQ_Main_Menu_01.uasset" 245
"../../../Aiya2/Content/HUD/Menus/Credits.uasset" 246
"../../../Aiya2/Content/HUD/Menus/SharedAssets/T_Exit_04.uasset" 247
"../../../Aiya2/Content/HUD/Menus/SharedAssets/T_Exit_Click_03.uasset" 248
"../../../Aiya2/Content/HUD/Menus/SharedAssets/T_Exit_Mouseover_03.uasset" 249
"../../../Aiya2/Content/HUD/Menus/Start/Assets/T_Credits_01.uasset" 250
"../../../Aiya2/Content/HUD/Menus/Start/Assets/T_Credits_Click_01.uasset" 251
"../../../Aiya2/Content/HUD/Menus/Start/Assets/T_Credits_Mouseover_01.uasset" 252
"../../../Aiya2/Content/HUD/Menus/Start/Assets/T_Start_05.uasset" 253
"../../../Aiya2/Content/HUD/Menus/Start/Assets/T_Start_Click_05.uasset" 254
"../../../Aiya2/Content/HUD/Menus/Start/Assets/T_Start_Mouseover_05.uasset" 255
"../../../Aiya2/Content/HUD/Menus/Start/MainMenuWidget.uasset" 256
"../../../Aiya2/Content/Gamemode/DefaultGameMode.uasset" 257
"../../../Aiya2/Content/Functions/ActorMacros.uasset" 258
"../../../Aiya2/Content/QuestSystem/BlueprintQuests/Objectives/FishingQuest/CatchFish.uasset" 259
"../../../Aiya2/Content/QuestSystem/BlueprintQuests/Objectives/FishingQuest/PickupPole.uasset" 260
"../../../Aiya2/Content/QuestSystem/BlueprintQuests/Objectives/FishingQuest/ReturnToCat.uasset" 261
"../../../Aiya2/Content/QuestSystem/BlueprintQuests/Objectives/FishingQuest/SpeakWithCat.uasset" 262
"../../../Aiya2/Content/QuestSystem/BlueprintQuests/Objectives/Shared/Complete.uasset" 263
"../../../Aiya2/Content/QuestSystem/BlueprintQuests/Objectives/Shared/Start.uasset" 264
"../../../Aiya2/Content/UsableActor/Inventory/FountainPieceActor.uasset" 265
"../../../Aiya2/Content/Assets/Textures/T_Nut_01.uasset" 266
"../../../Aiya2/Content/Assets/Materials/M_Nut_01.uasset" 267
"../../../Aiya2/Content/Assets/Meshes/SM_Nut_01.uasset" 268
"../../../Aiya2/Content/Assets/Textures/T_Nut_Icon.uasset" 269
"../../../Aiya2/Content/UsableActor/Inventory/FountainPiece_Nut.uasset" 270
"../../../Aiya2/Content/QuestSystem/BlueprintQuests/FishingQuest.uasset" 271
"../../../Aiya2/Content/QuestSystem/BlueprintQuests/Objectives/MainQuest/FindFirstPiece.uasset" 272
"../../../Aiya2/Content/QuestSystem/BlueprintQuests/Objectives/MainQuest/FindSecondPiece.uasset" 273
"../../../Aiya2/Content/QuestSystem/BlueprintQuests/Objectives/MainQuest/FixFountain.uasset" 274
"../../../Aiya2/Content/QuestSystem/BlueprintQuests/Objectives/MainQuest/InvestigateFountain.uasset" 275
"../../../Aiya2/Content/QuestSystem/BlueprintQuests/MainQuest.uasset" 276
"../../../Aiya2/Content/UsableActor/PushableActor.uasset" 277
"../../../Aiya2/Content/QuestSystem/InputAtoms/GoFishing/GF_Catch_Incorrect_Fish.uasset" 278
"../../../Aiya2/Content/Character/BP_Character.uasset" 279
"../../../Aiya2/Content/UsableActor/Inventory/InventoryUsableActor.uasset" 280
"../../../Engine/Content/BasicShapes/Cylinder.uasset" 281
"../../../Aiya2/Content/UsableActor/Inventory/Can_32.uasset" 282
"../../../Aiya2/Content/UsableActor/Inventory/WorldItems/Items/Can.uasset" 283
"../../../Aiya2/Content/HUD/Menus/SharedAssets/T_Exit_05.uasset" 284
"../../../Aiya2/Content/Environment/Buildings/Textures/fence3.uasset" 285
"../../../Aiya2/Content/Environment/Foliage/Textures/grass2_alpha.uasset" 286
"../../../Aiya2/Content/QuestSystem/Quests/GoFishing/Textures/FishingQuestFail.uasset" 287
"../../../Aiya2/Content/Sequences/MainMenu/Beach.uasset" 288
"../../../Aiya2/Content/Sequences/MainMenu/High_Orbit.uasset" 289
"../../../Engine/Content/MobileResources/HUD/MobileHUDButton2_on.uasset" 290
"../../../Aiya2/Content/QuestSystem/Quests/GoFishing/Textures/TunnieFishMessage.uasset" 291
"../../../Aiya2/Content/QuestSystem/AnyQuest/AQ_Success.uasset" 292
"../../../Aiya2/Content/QuestSystem/States/FinalQuest/FQ_FinalQuest.uasset" 293
"../../../Aiya2/Content/QuestSystem/InputAtoms/MainQuest/MQ_AssemblePieces.uasset" 294
"../../../Aiya2/Content/QuestSystem/InputAtoms/MainQuest/MQ_DiscoveredProblem.uasset" 295
"../../../Aiya2/Content/QuestSystem/InputAtoms/MainQuest/MQ_FixedFountain.uasset" 296
"../../../Aiya2/Content/QuestSystem/InputAtoms/MainQuest/MQ_FoundPiece1.uasset" 297
"../../../Aiya2/Content/QuestSystem/InputAtoms/MainQuest/MQ_FoundPIece2.uasset" 298
"../../../Aiya2/Content/QuestSystem/States/MainQuest/MQ_FixedFountain.uasset" 299
"../../../Aiya2/Content/QuestSystem/States/MainQuest/MQ_Assembled_Pieces.uasset" 300
"../../../Aiya2/Content/QuestSystem/States/MainQuest/MQ_HaveAll_Pieces.uasset" 301
"../../../Aiya2/Content/QuestSystem/States/MainQuest/MQ_CollectedFirstPiece.uasset" 302
"../../../Aiya2/Content/QuestSystem/States/MainQuest/MQ_CollectedSecondPiece.uasset" 303
"../../../Aiya2/Content/QuestSystem/States/MainQuest/MQ_DiscoveredProblem.uasset" 304
"../../../Aiya2/Content/QuestSystem/States/MainQuest/MQ_Start.uasset" 305
"../../../Aiya2/Content/QuestSystem/Quests/MainQuest/MQ_MainQuest.uasset" 306
"../../../Aiya2/Content/QuestSystem/Quests/MainQuest/Audio/A_Fountain.uasset" 307
"../../../Aiya2/Content/QuestSystem/Quests/MainQuest/Audio/A_FountainPiecePickup.uasset" 308
"../../../Aiya2/Content/Final/Assets/Meshes/CATretopo.uasset" 309
"../../../Aiya2/Content/Environment/Shading/Textures/T_Cel_Shading_Gradiant_02.uasset" 310
"../../../Aiya2/Content/Environment/Shading/Textures/T_Cel_Shading_Gradiant_03.uasset" 311
"../../../Engine/Content/Functions/Engine_MaterialFunctions01/Gradient/RadialGradient.uasset" 312
"../../../Aiya2/Content/Environment/Wildlife/M_Particle_Glow.uasset" 313
"../../../Aiya2/Content/Environment/Wildlife/P_Butterfly_Tail.uasset" 314
"../../../Aiya2/Content/Environment/Wildlife/BP_Butterfly.uasset" 315
"../../../Engine/Content/EditorResources/EmptyActor.uasset" 316
"../../../Engine/Content/EditorResources/LightIcons/S_LightError.uasset" 317
"../../../Engine/Content/EditorResources/AudioIcons/S_AudioComponent_AutoActivate.uasset" 318
"../../../Aiya2/Content/UsableActor/Inventory/White.uasset" 319
"../../../Aiya2/Content/UsableActor/Inventory/Box.uasset" 320
"../../../Aiya2/Content/QuestSystem/Quests/crates/Textures/Create_Diffuse.uasset" 321
"../../../Aiya2/Content/HUD/Menus/SharedAssets/T_Exit_Mouseover_05.uasset" 322
"../../../Aiya2/Content/Effects/Textures/Noise/T_TilingNoise12.uasset" 323
"../../../Aiya2/Content/Environment/Water/particles/A_Fountain_Ripple.uasset" 324
"../../../Aiya2/Content/Environment/Water/Textures/current_01.uasset" 325
"../../../Aiya2/Content/Environment/Water/Textures/current_02.uasset" 326
"../../../Aiya2/Content/Environment/Water/Textures/splash_01.uasset" 327
"../../../Aiya2/Content/Environment/Water/Textures/splash_02.uasset" 328
"../../../Aiya2/Content/Environment/Water/Textures/waterfall_01.uasset" 329
"../../../Aiya2/Content/Environment/Water/Materials/Waterfall_01.uasset" 330
"../../../Engine/Content/Functions/Engine_MaterialFunctions01/WorldPositionOffset/SimpleGrassWind.uasset" 331
"../../../Aiya2/Content/Environment/Water/alpha.uasset" 332
"../../../Aiya2/Content/Environment/Water/Materials/Basic_Water_01.uasset" 333
"../../../Aiya2/Content/Environment/Buildings/Textures/doors/Door1_Diffuse2.uasset" 334
"../../../Aiya2/Content/Environment/Buildings/Textures/doors/Door1_Diffuse2_Mat.uasset" 335
"../../../Engine/Content/MobileResources/HUD/MobileHUDDirectionPad.uasset" 336
"../../../Aiya2/Content/Environment/Water/M_Water_Transparent.uasset" 337
"../../../Aiya2/Content/Environment/Water/T_Ripple_Alpha_01.uasset" 338
"../../../Aiya2/Content/Environment/Water/M_Ripple_01.uasset" 339
"../../../Aiya2/Content/Environment/Buildings/Textures/doors/Door1_Diffuse.uasset" 340
"../../../Aiya2/Content/Cinematics/Sequences/MainMenuVideo/shots/shot0010/shot0010_001.uasset" 341
"../../../Engine/Content/MobileResources/HUD/T_Castle_ThumbstickInner.uasset" 342
"../../../Aiya2/Content/UsableActor/Inventory/Triangle.uasset" 343
"../../../Engine/Content/Functions/Engine_MaterialFunctions02/Utility/Swizzle.uasset" 344
"../../../Aiya2/Content/Effects/Textures/Noise/T_TilingNoise03.uasset" 345
"../../../Aiya2/Content/Effects/Textures/Water/T_FallingWater_01.uasset" 346
"../../../Aiya2/Content/Effects/Textures/Water/T_FallingWater_01_N.uasset" 347
"../../../Aiya2/Content/Effects/Textures/Water/T_FallingWater_02.uasset" 348
"../../../Aiya2/Content/Effects/Textures/Water/T_FallingWater_02_N.uasset" 349
"../../../Aiya2/Content/Environment/Water/particles/M_Fountain_Spray.uasset" 350
"../../../Aiya2/Content/Environment/Water/particles/P_Fountain_Spray.uasset" 351
"../../../Aiya2/Content/Environment/Buildings/Textures/fence2.uasset" 352
"../../../Aiya2/Content/Environment/Shading/Textures/T_Cel_Shading_Gradiant_00.uasset" 353
"../../../Aiya2/Content/Environment/Buildings/Textures/window1redo.uasset" 354
"../../../Aiya2/Content/Environment/Buildings/Textures/doors/Door2_Diffuse2.uasset" 355
"../../../Aiya2/Content/Environment/Buildings/Textures/doors/Door2_Diffuse2_Mat.uasset" 356
"../../../Aiya2/Content/Environment/Buildings/Textures/doors/Door2_Diffuse1.uasset" 357
"../../../Aiya2/Content/Environment/Buildings/Textures/doors/Door2_Diffuse1_Mat.uasset" 358
"../../../Aiya2/Content/Environment/Buildings/Textures/T_Wall_01.uasset" 359
"../../../Aiya2/Content/HUD/Menus/Start/Assets/T_Credits_Click_05.uasset" 360
"../../../Aiya2/Content/Environment/Buildings/Textures/TempleStairs_Diffuse.uasset" 361
"../../../Aiya2/Content/HUD/Menus/Start/Assets/T_Credits_05.uasset" 362
"../../../Aiya2/Content/HUD/Inventory/Assets/InventoryButton/cloud.uasset" 363
"../../../Aiya2/Content/Effects/Textures/Water/T_SplashBase_N.uasset" 364
"../../../Engine/Content/MobileResources/HUD/MobileHUDButton1_off.uasset" 365
"../../../Aiya2/Content/HUD/Assets/Sprite/SS_Hourglass_01_Sprite_8.uasset" 366
"../../../Aiya2/Content/Effects/Textures/Cube/CubeNearEntrance.uasset" 367
"../../../Aiya2/Content/Effects/Textures/Noise/T_HeatTile3_N.uasset" 368
"../../../Aiya2/Content/Effects/Textures/Noise/T_TilingNoise11.uasset" 369
"../../../Aiya2/Content/Effects/Textures/Water/T_SplashDisc_A.uasset" 370
"../../../Aiya2/Content/Effects/Textures/Water/T_SplashDisc_N.uasset" 371
"../../../Aiya2/Content/Effects/Materials/Water/M_MeshEmitWater_MASTER.uasset" 372
"../../../Aiya2/Content/Effects/Materials/Water/M_SplashDisc_Inst.uasset" 373
"../../../Aiya2/Content/Cinematics/Sequences/MainMenuVideo/shots/shot0030/shot0030_001.uasset" 374
"../../../Aiya2/Content/Cinematics/Sequences/MainMenuVideo/shots/shot0020/shot0020_001.uasset" 375
"../../../Aiya2/Content/UsableActor/Interfaces/ActionInterface.uasset" 376
"../../../Aiya2/Content/QuestSystem/Quests/GoFishing/Textures/Bottle1.uasset" 377
"../../../Aiya2/Content/HUD/Menus/Start/Assets/T_Start_Click_01.uasset" 378
"../../../Aiya2/Content/UsableActor/Inventory/assets/button1.uasset" 379
"../../../Aiya2/Content/UsableActor/Inventory/assets/banner.uasset" 380
"../../../Aiya2/Content/HUD/Fishing/Hourglass/T_Fishing_Hourglass_01_Sprite.uasset" 381
"../../../Aiya2/Content/HUD/Fishing/Hourglass/T_Fishing_Hourglass_02.uasset" 382
"../../../Aiya2/Content/HUD/Fishing/Hourglass/T_Fishing_Hourglass_02_Sprite.uasset" 383
"../../../Aiya2/Content/HUD/Fishing/Hourglass/T_Fishing_Hourglass_03.uasset" 384
"../../../Aiya2/Content/HUD/Fishing/Hourglass/T_Fishing_Hourglass_03_Sprite.uasset" 385
"../../../Aiya2/Content/HUD/Fishing/Hourglass/T_Fishing_Hourglass_04.uasset" 386
"../../../Aiya2/Content/HUD/Fishing/Hourglass/T_Fishing_Hourglass_04_Sprite.uasset" 387
"../../../Aiya2/Content/HUD/Fishing/Hourglass/T_Fishing_Hourglass_05.uasset" 388
"../../../Aiya2/Content/HUD/Fishing/Hourglass/T_Fishing_Hourglass_05_Sprite.uasset" 389
"../../../Aiya2/Content/HUD/Fishing/Hourglass/T_Fishing_Hourglass_06.uasset" 390
"../../../Aiya2/Content/HUD/Fishing/Hourglass/T_Fishing_Hourglass_06_Sprite.uasset" 391
"../../../Aiya2/Content/HUD/Fishing/Hourglass/T_Fishing_Hourglass_07.uasset" 392
"../../../Aiya2/Content/HUD/Fishing/Hourglass/T_Fishing_Hourglass_07_Sprite.uasset" 393
"../../../Aiya2/Content/HUD/Fishing/Hourglass/T_Fishing_Hourglass_08.uasset" 394
"../../../Aiya2/Content/HUD/Fishing/Hourglass/T_Fishing_Hourglass_08_Sprite.uasset" 395
"../../../Aiya2/Content/HUD/Fishing/Hourglass/T_Fishing_Hourglass_09.uasset" 396
"../../../Aiya2/Content/HUD/Fishing/Hourglass/T_Fishing_Hourglass_09_Sprite.uasset" 397
"../../../Aiya2/Content/HUD/Fishing/Hourglass/T_Fishing_Hourglass_10.uasset" 398
"../../../Aiya2/Content/HUD/Fishing/Hourglass/T_Fishing_Hourglass_10_Sprite.uasset" 399
"../../../Aiya2/Content/HUD/Fishing/Hourglass/T_Fishing_Hourglass_11.uasset" 400
"../../../Aiya2/Content/HUD/Fishing/Hourglass/T_Fishing_Hourglass_11_Sprite.uasset" 401
"../../../Aiya2/Content/HUD/Fishing/Hourglass/T_Fishing_Hourglass_12.uasset" 402
"../../../Aiya2/Content/HUD/Fishing/Hourglass/T_Fishing_Hourglass_12_Sprite.uasset" 403
"../../../Aiya2/Content/HUD/Fishing/Hourglass/T_Fishing_Hourglass_13.uasset" 404
"../../../Aiya2/Content/HUD/Fishing/Hourglass/T_Fishing_Hourglass_13_Sprite.uasset" 405
"../../../Aiya2/Content/HUD/Fishing/Hourglass/T_Fishing_Hourglass_14.uasset" 406
"../../../Aiya2/Content/HUD/Fishing/Hourglass/T_Fishing_Hourglass_14_Sprite.uasset" 407
"../../../Aiya2/Content/HUD/Fishing/Hourglass/T_Fishing_Hourglass_15.uasset" 408
"../../../Aiya2/Content/HUD/Fishing/Hourglass/T_Fishing_Hourglass_15_Sprite.uasset" 409
"../../../Aiya2/Content/HUD/Fishing/Hourglass/T_Fishing_Hourglass_16.uasset" 410
"../../../Aiya2/Content/HUD/Fishing/Hourglass/T_Fishing_Hourglass_16_Sprite.uasset" 411
"../../../Aiya2/Content/HUD/Fishing/Hourglass/T_Fishing_Hourglass_17.uasset" 412
"../../../Aiya2/Content/HUD/Fishing/Hourglass/T_Fishing_Hourglass_17_Sprite.uasset" 413
"../../../Aiya2/Content/HUD/Fishing/Hourglass/T_Fishing_Hourglass_18.uasset" 414
"../../../Aiya2/Content/HUD/Fishing/Hourglass/T_Fishing_Hourglass_18_Sprite.uasset" 415
"../../../Aiya2/Content/HUD/Fishing/Hourglass/T_Fishing_Hourglass_19.uasset" 416
"../../../Aiya2/Content/HUD/Fishing/Hourglass/T_Fishing_Hourglass_19_Sprite.uasset" 417
"../../../Aiya2/Content/HUD/Fishing/Hourglass/T_Fishing_Hourglass_20.uasset" 418
"../../../Aiya2/Content/HUD/Fishing/Hourglass/T_Fishing_Hourglass_20_Sprite.uasset" 419
"../../../Aiya2/Content/HUD/Fishing/Hourglass/FB_Hourglass.uasset" 420
"../../../Aiya2/Content/HUD/Fishing/T_Fishing_Widget_Progress.uasset" 421
"../../../Engine/Content/MobileResources/HUD/MobileHUDDirectionPad3.uasset" 422
"../../../Aiya2/Content/HUD/Menus/Start/Assets/T_Start_01.uasset" 423
"../../../Aiya2/Content/Environment/Foliage/Textures/grass1_alpha.uasset" 424
"../../../Aiya2/Content/Environment/Foliage/Textures/grass3_alpha.uasset" 425
"../../../Aiya2/Content/Environment/Shading/Textures/T_Cel_Shading_Gradiant_05.uasset" 426
"../../../Aiya2/Content/Environment/Foliage/Textures/grass1_diffuse.uasset" 427
"../../../Aiya2/Content/Environment/Foliage/Textures/grass4_diffuse.uasset" 428
"../../../Engine/Content/MobileResources/HUD/MobileHUDButton3.uasset" 429
"../../../Engine/Content/MobileResources/T_MobileControls_texture.uasset" 430
"../../../Engine/Content/MobileResources/HUD/MobileHUDButton1_on.uasset" 431
"../../../Aiya2/Content/HUD/Menus/SharedAssets/T_Exit_03.uasset" 432
"../../../Aiya2/Content/Environment/Shading/Textures/T_Cel_Shading_Gradiant_04.uasset" 433
"../../../Aiya2/Content/Environment/Buildings/Textures/doors/Door3_Diffuse2.uasset" 434
"../../../Aiya2/Content/Environment/Foliage/Textures/grass4_alpha.uasset" 435
"../../../Aiya2/Content/QuestSystem/Quests/crates/Meshes/wire_088144225.uasset" 436
"../../../Aiya2/Content/Assets/Textures/T_Butterfly_Holographic_M.uasset" 437
"../../../Aiya2/Content/Assets/Textures/T_Butterfly_M.uasset" 438
"../../../Aiya2/Content/Assets/Textures/T_Butterfly_Wing_M.uasset" 439
"../../../Aiya2/Content/Assets/Textures/T_Effect_Ring.uasset" 440
"../../../Aiya2/Content/Assets/Materials/M_Butterfly_wing.uasset" 441
"../../../Aiya2/Content/Assets/Meshes/S_Butterfly_Right_Wing.uasset" 442
"../../../Aiya2/Content/Assets/Meshes/S_Butterfly_Left_Wing.uasset" 443
"../../../Engine/Content/MobileResources/HUD/MobileHUDDirectionPad2.uasset" 444
"../../../Engine/Content/EngineMaterials/OrientParticle.uasset" 445
"../../../Engine/Content/EngineMaterials/DefaultParticle.uasset" 446
"../../../Aiya2/Content/Environment/Water/particles/Splash.uasset" 447
"../../../Engine/Content/MobileResources/HUD/MobileHUDButtonFire.uasset" 448
"../../../Aiya2/Content/Environment/Buildings/Textures/T_Wallmaterial.uasset" 449
"../../../Aiya2/Content/HUD/Assets/Sprite/SS_Hourglass_01_Sprite_9.uasset" 450
"../../../Engine/Content/MobileResources/HUD/LeftVirtualJoystickOnly.uasset" 451
"../../../Aiya2/Content/QuestSystem/InputAtoms/GoFishing/GF_CatchCorrectFish.uasset" 452
"../../../Aiya2/Content/QuestSystem/InputAtoms/GoFishing/GF_PickupPole.uasset" 453
"../../../Aiya2/Content/QuestSystem/InputAtoms/GoFishing/GF_Start.uasset" 454
"../../../Aiya2/Content/QuestSystem/InputAtoms/GoFishing/GF_TalkToCat.uasset" 455
"../../../Aiya2/Content/QuestSystem/States/GoFishing/GF_Return_To_Cat.uasset" 456
"../../../Aiya2/Content/QuestSystem/States/GoFishing/GF_CatchFish.uasset" 457
"../../../Aiya2/Content/QuestSystem/States/GoFishing/GF_PickupPole.uasset" 458
"../../../Aiya2/Content/QuestSystem/States/GoFishing/GF_TalkToCat.uasset" 459
"../../../Aiya2/Content/QuestSystem/States/GoFishing/GF_Start.uasset" 460
"../../../Aiya2/Content/QuestSystem/Quests/GoFishing/GoFishing.uasset" 461
"../../../Engine/Content/MobileResources/HUD/MobileHUDButton2_off.uasset" 462
"../../../Aiya2/Content/Environment/Foliage/Textures/grass2_diffuse.uasset" 463
"../../../Engine/Content/BasicShapes/Cone.uasset" 464
"../../../Engine/Content/EngineMaterials/WorldGridMaterial.uasset" 465
"../../../Engine/Content/BasicShapes/Cube.uasset" 466
"../../../Engine/Content/BasicShapes/Sphere.uasset" 467
"../../../Engine/Content/EditorMaterials/PhAT_JointLimitMaterial.uasset" 468
"../../../Engine/Content/EditorMaterials/PreviewShadowIndicator.uasset" 469
"../../../Engine/Content/EditorMaterials/PreviewShadowIndicatorMaterial.uasset" 470
"../../../Engine/Content/EditorMeshes/ColorCalibrator/M_ChromeBall.uasset" 471
"../../../Engine/Content/EditorMeshes/ColorCalibrator/M_ClearCoat.uasset" 472
"../../../Engine/Content/EditorMeshes/ColorCalibrator/M_ClearCoatBlack.uasset" 473
"../../../Engine/Content/EditorMeshes/ColorCalibrator/T_ColorGrid.uasset" 474
"../../../Engine/Content/EditorMeshes/ColorCalibrator/M_ColorGrid.uasset" 475
"../../../Engine/Content/EditorMeshes/ColorCalibrator/M_GreyBall.uasset" 476
"../../../Engine/Content/EditorMeshes/ColorCalibrator/SM_ColorCalibrator.uasset" 477
"../../../Engine/Content/EditorResources/BSPVertex.uasset" 478
"../../../Engine/Content/EngineDebugMaterials/HeatmapGradient.uasset" 479
"../../../Engine/Content/EngineDebugMaterials/BoneWeightMaterial.uasset" 480
"../../../Engine/Content/EngineDebugMaterials/GeomMaterial.uasset" 481
"../../../Engine/Content/EngineMaterials/EditorBrushMaterial.uasset" 482
"../../../Engine/Content/EngineMeshes/Cube.uasset" 483
"../../../Engine/Content/MobileResources/HUD/T_Castle_ThumbstickOutter.uasset" 484
"../../../Engine/Content/Tutorial/Basics/TutorialAssets/icon_tab_Levels_40x.uasset" 485
"../../../Engine/Content/Tutorial/BlueprintTutorials/TutorialAssets/BlueprintInterface_64x.uasset" 486
"../../../Engine/Content/Tutorial/BlueprintTutorials/TutorialAssets/BlueprintMacroLibrary_64x.uasset" 487
"../../../Engine/Content/Tutorial/BlueprintTutorials/TutorialAssets/Blueprint_64x.uasset" 488
"../../../Engine/Content/Tutorial/BlueprintTutorials/TutorialAssets/Tutorial_BP_Interface.uasset" 489
"../../../Engine/Content/Tutorial/Foliage/TutorialAssets/Foliage.uasset" 490
"../../../Engine/Content/Tutorial/Landscape/TutorialAssets/Landscape.uasset" 491
"../../../Engine/Content/Tutorial/Paper2D/TutorialAssets/Paper2DFlipbook_TutorialIcon.uasset" 492
"../../../Engine/Content/Tutorial/Paper2D/TutorialAssets/Paper2DSprite_TutorialIcon.uasset" 493
"../../../Engine/Content/Tutorial/SubEditors/TutorialAssets/icon_Editor_Preferences_General_40x.uasset" 494
"../../../Engine/Content/Tutorial/SubEditors/TutorialAssets/icon_ShowSkeletalMeshes_40x.uasset" 495
"../../../Engine/Content/Tutorial/SubEditors/TutorialAssets/TutorialMaterial.uasset" 496
"../../../Engine/Content/Tutorial/SubEditors/TutorialAssets/T_SmokeSubUV_8X8.uasset" 497
"../../../Engine/Content/Tutorial/SubEditors/TutorialAssets/T_soft_smoke.uasset" 498
"../../../Engine/Content/Tutorial/SubEditors/TutorialAssets/M_smoke_subUV_blackbody.uasset" 499
"../../../Engine/Content/Tutorial/SubEditors/TutorialAssets/TutorialParticleSystem.uasset" 500
"../../../Engine/Content/EditorMeshes/EditorCube.uasset" 501
"../../../Engine/Content/Tutorial/SubEditors/TutorialAssets/Tutorial_DM.uasset" 502
"../../../Aiya2/Content/SM_House_01.uasset" 503
"../../../Aiya2/Content/SM_House_02.uasset" 504
"../../../Engine/Content/Functions/Engine_MaterialFunctions01/ImageAdjustment/SCurve.uasset" 505
"../../../Engine/Content/Functions/Engine_MaterialFunctions01/Shading/ConvertFromDiffSpec.uasset" 506
"../../../Engine/Content/Functions/Engine_MaterialFunctions01/Shading/PowerToRoughness.uasset" 507
"../../../Engine/Content/Functions/Engine_MaterialFunctions02/Math/CreateThirdOrthogonalVector.uasset" 508
"../../../Engine/Content/Functions/Engine_MaterialFunctions02/Utility/BreakOutFloat3Components.uasset" 509
"../../../Engine/Content/Functions/Engine_MaterialFunctions02/Math/Transform3x3Matrix.uasset" 510
"../../../Engine/Content/Functions/Engine_MaterialFunctions02/TangentBasis.uasset" 511
"../../../Engine/Content/Functions/Engine_MaterialFunctions02/Utility/BlendAngleCorrectedNormals.uasset" 512
"../../../Engine/Content/Functions/Engine_MaterialFunctions02/Utility/VectorLength.uasset" 513
"../../../Engine/Content/Functions/Engine_MaterialFunctions01/WorldPositionOffset/SplineThicken.uasset" 514
"../../../Aiya2/Content/Assets/Textures/T_HR_Grass01_D.uasset" 515
"../../../Aiya2/Content/Assets/Textures/T_HR_Grass01_N.uasset" 516
"../../../Aiya2/Content/Assets/Materials/M_HR_Grass_MASTER.uasset" 517
"../../../Aiya2/Content/Assets/Materials/M_HR_Grass_01_Inst.uasset" 518
"../../../Aiya2/Content/Assets/Materials/M_HR_Grass_01_B_Inst.uasset" 519
"../../../Aiya2/Content/Assets/Meshes/SM_HR_Grass01.uasset" 520
"../../../Aiya2/Content/Assets/Meshes/SM_HR_Grass02.uasset" 521
"../../../Aiya2/Content/Assets/Materials/M_HR_Grass_01_Flower_Inst.uasset" 522
"../../../Aiya2/Content/Assets/Meshes/SM_HR_Grass04.uasset" 523
"../../../Aiya2/Content/Assets/Meshes/SM_HR_Grass05.uasset" 524
"../../../Engine/Content/Functions/MaterialLayerFunctions/MatLayerBlend_ModulateRoughness.uasset" 525
"../../../Engine/Content/Functions/MaterialLayerFunctions/MatLayerBlend_Standard.uasset" 526
"../../../Aiya2/Content/Assets/Textures/T_Metal_Metal03_D.uasset" 527
"../../../Aiya2/Content/Assets/Textures/T_Metal_Metal03_N.uasset" 528
"../../../Aiya2/Content/Assets/Materials/ML_Metal_Dark.uasset" 529
"../../../Aiya2/Content/Assets/Textures/T_COG_Metal_Rust_03_D.uasset" 530
"../../../Aiya2/Content/Assets/Textures/T_COG_Metal_Rust_03_N.uasset" 531
"../../../Aiya2/Content/Assets/Materials/ML_Metal_Rust.uasset" 532
"../../../Aiya2/Content/Assets/Textures/T_Underground_Clamps01_M.uasset" 533
"../../../Aiya2/Content/Assets/Materials/M_Butterfly_Body.uasset" 534
"../../../Aiya2/Content/Assets/Meshes/S_Butterfly_Body.uasset" 535
"../../../Aiya2/Content/Audio/AU_CratePush_01.uasset" 536
"../../../Aiya2/Content/Audio/AU_FishingPole_01.uasset" 537
"../../../Aiya2/Content/Audio/AU_FountainPiecePickup_01.uasset" 538
"../../../Aiya2/Content/Audio/AU_Fountain_01.uasset" 539
"../../../Aiya2/Content/Audio/CUE_Ambient_Music_02.uasset" 540
"../../../Aiya2/Content/Effects/Textures/Water/T_SplashMesh_02_N.uasset" 541
"../../../Aiya2/Content/Environment/Buildings/Textures/pot2.uasset" 542
"../../../Aiya2/Content/Environment/Buildings/Materials/pot2_Mat.uasset" 543
"../../../Aiya2/Content/Environment/Buildings/Materials/RoadKillOutMat.uasset" 544
"../../../Aiya2/Content/Environment/Buildings/Meshes/boat.uasset" 545
"../../../Aiya2/Content/Environment/Buildings/Meshes/Cylinder002Mat.uasset" 546
"../../../Engine/Content/Functions/Engine_MaterialFunctions02/Texturing/CustomRotator.uasset" 547
"../../../Aiya2/Content/Environment/Buildings/Textures/T_Fountain_Spout_Edge_Alpha_01.uasset" 548
"../../../Aiya2/Content/Environment/Water/T_Waterfall_Alpha.uasset" 549
"../../../Aiya2/Content/Environment/Buildings/Materials/M_Fountain_Spout.uasset" 550
"../../../Aiya2/Content/Environment/Buildings/Meshes/SM_Fountain_Spout.uasset" 551
"../../../Aiya2/Content/Environment/Buildings/Meshes/Windows/Window2Mat.uasset" 552
"../../../Aiya2/Content/Environment/Buildings/Meshes/Windows/window2.uasset" 553
"../../../Aiya2/Content/Environment/Buildings/Textures/Temple_Diffuse.uasset" 554
"../../../Aiya2/Content/Environment/Buildings/Textures/window2.uasset" 555
"../../../Aiya2/Content/Environment/Foliage/Meshes/Plane001Mat.uasset" 556
"../../../Aiya2/Content/Environment/Foliage/Meshes/grass.uasset" 557
"../../../Aiya2/Content/Environment/Shading/Textures/T_Cel_Shading_Gradiant_01.uasset" 558
"../../../Aiya2/Content/HUD/Menus/Start/Assets/T_Credits_Mouseover_05.uasset" 559
"../../../Aiya2/Content/QuestSystem/A_BobberSplash.uasset" 560
"../../../Aiya2/Content/QuestSystem/QuestToState.uasset" 561
"../../../Aiya2/Content/QuestSystem/New_Quests/InputAtoms/BoxQuestInputAtoms/BQ_PickupPiece.uasset" 562
"../../../Aiya2/Content/QuestSystem/New_Quests/InputAtoms/BoxQuestInputAtoms/BQ_Start.uasset" 563
"../../../Aiya2/Content/QuestSystem/New_Quests/InputAtoms/MainQuestInputAtoms/MQ_BoxPiece.uasset" 564
"../../../Aiya2/Content/QuestSystem/New_Quests/States/BoxQuestStates/BQ_Started.uasset" 565
"../../../Aiya2/Content/QuestSystem/New_Quests/States/BoxQuestStates/BQ_Init.uasset" 566
"../../../Aiya2/Content/QuestSystem/New_Quests/Quests/Q_BoxQuest.uasset" 567
"../../../Aiya2/Content/QuestSystem/New_Quests/InputAtoms/FishingQuestInputAtoms/FQ_CaughtFish.uasset" 568
"../../../Aiya2/Content/QuestSystem/New_Quests/InputAtoms/FishingQuestInputAtoms/FQ_PickUpPole.uasset" 569
"../../../Aiya2/Content/QuestSystem/New_Quests/InputAtoms/FishingQuestInputAtoms/FQ_SpeakWithCat.uasset" 570
"../../../Aiya2/Content/QuestSystem/New_Quests/InputAtoms/FishingQuestInputAtoms/FQ_Start.uasset" 571
"../../../Aiya2/Content/QuestSystem/New_Quests/InputAtoms/MainQuestInputAtoms/MQ_FishingPiece.uasset" 572
"../../../Aiya2/Content/QuestSystem/New_Quests/States/FishingQuestStates/FQ_Caught_Fish.uasset" 573
"../../../Aiya2/Content/QuestSystem/New_Quests/States/FishingQuestStates/FQ_PickedUpPole.uasset" 574
"../../../Aiya2/Content/QuestSystem/New_Quests/States/FishingQuestStates/FQ_TalkedWithCat_01.uasset" 575
"../../../Aiya2/Content/QuestSystem/New_Quests/States/FishingQuestStates/FQ_Started.uasset" 576
"../../../Aiya2/Content/QuestSystem/New_Quests/States/FishingQuestStates/FQ_Init.uasset" 577
"../../../Aiya2/Content/QuestSystem/New_Quests/Quests/Q_FishingQuest.uasset" 578
"../../../Aiya2/Content/QuestSystem/New_Quests/Quests/Q_FinalQuest.uasset" 579
"../../../Aiya2/Content/QuestSystem/New_Quests/InputAtoms/MainQuestInputAtoms/MQ_InvestigateFountain.uasset" 580
"../../../Aiya2/Content/QuestSystem/New_Quests/States/MainQuestStates/MQ_TwoPieces.uasset" 581
"../../../Aiya2/Content/QuestSystem/New_Quests/States/MainQuestStates/MQ_OnePiece.uasset" 582
"../../../Aiya2/Content/QuestSystem/New_Quests/States/MainQuestStates/MQ_FountainInvestigated.uasset" 583
"../../../Aiya2/Content/QuestSystem/New_Quests/States/MainQuestStates/MQ_Started.uasset" 584
"../../../Aiya2/Content/QuestSystem/New_Quests/Quests/Q_MainQuest.uasset" 585
"../../../Aiya2/Content/QuestSystem/QuestJournal.uasset" 586
"../../../Aiya2/Content/QuestSystem/AnyQuest/AQ_Failure.uasset" 587
"../../../Aiya2/Content/QuestSystem/BlueprintQuests/Objectives/Shared/FishingComplete.uasset" 588
"../../../Engine/Content/EngineSky/C_Sky_Cloud_Color.uasset" 589
"../../../Engine/Content/EngineSky/C_Sky_Horizon_Color.uasset" 590
"../../../Engine/Content/EngineSky/C_Sky_Zenith_Color.uasset" 591
"../../../Engine/Content/EngineSky/T_Sky_Blue.uasset" 592
"../../../Engine/Content/EngineSky/T_Sky_Clouds_M.uasset" 593
"../../../Engine/Content/EngineSky/T_Sky_Stars.uasset" 594
"../../../Engine/Content/EngineSky/M_Sky_Panning_Clouds2.uasset" 595
"../../../Engine/Content/EngineSky/SM_SkySphere.uasset" 596
"../../../Engine/Content/EngineSky/BP_Sky_Sphere.uasset" 597
"../../../Aiya2/Content/HUD/Menus/Start/MainMenuHUD.uasset" 598
"../../../Aiya2/Content/Sequence2.uasset" 599
"../../../Aiya2/Content/Sequence3.uasset" 600
"../../../Aiya2/Content/TestLevelSequence.uasset" 601
"../../../Aiya2/Content/MainMenuSequence.uasset" 602
"../../../Aiya2/Content/Gamemode/MainMenuMode.uasset" 603
"../../../Engine/Content/EditorMeshes/Camera/SM_RailRig_Track.uasset" 604
"../../../Engine/Content/EngineMaterials/DefaultPhysicalMaterial.uasset" 605
"../../../Aiya2/Content/Environment/Buildings/Textures/T_Dock_Feet.uasset" 606
"../../../Aiya2/Content/Environment/Buildings/Materials/M_Dock_Feet.uasset" 607
"../../../Aiya2/Content/Environment/Buildings/Meshes/SM_Dock_Feet.uasset" 608
"../../../Aiya2/Content/Environment/Buildings/Textures/T_Dock_Top.uasset" 609
"../../../Aiya2/Content/Environment/Buildings/Materials/M_Dock_Top.uasset" 610
"../../../Aiya2/Content/Environment/Buildings/Meshes/SM_Dock_Top.uasset" 611
"../../../Aiya2/Content/Environment/Buildings/Textures/T_Fountain_Bottom.uasset" 612
"../../../Aiya2/Content/Environment/Buildings/Materials/M_Fountain_Bottom.uasset" 613
"../../../Aiya2/Content/Environment/Buildings/Meshes/SM_Fountain_Base.uasset" 614
"../../../Aiya2/Content/Environment/Buildings/Textures/T_Fountain_Top.uasset" 615
"../../../Aiya2/Content/Environment/Buildings/Materials/M_Fountain_Top.uasset" 616
"../../../Aiya2/Content/Environment/Buildings/Meshes/SM_Fountain_Top.uasset" 617
"../../../Aiya2/Content/Environment/Meshes/SM_Fountain_Water.uasset" 618
"../../../Engine/Content/Functions/Engine_MaterialFunctions03/Particles/Distance_Blend.uasset" 619
"../../../Aiya2/Content/Environment/Textures/T_Wave_Foam.uasset" 620
"../../../Aiya2/Content/Environment/Textures/M_Water_Waves.uasset" 621
"../../../Aiya2/Content/Environment/Textures/M_Water_Waves_Inst.uasset" 622
"../../../Aiya2/Content/Environment/Meshes/SM_Water_Waves.uasset" 623
"../../../Aiya2/Content/Aiya_Entry.umap" 624
"../../../Aiya2/Content/Level/Island_Persistent.umap" 625
"../../../Aiya2/Content/Entry.umap" 626
"../../../Aiya2/Content/Environment/Shading/DirectLight.uasset" 627
"../../../Aiya2/Content/Environment/Foliage/Textures/T_Alpha_Plant_01.uasset" 628
"../../../Aiya2/Content/Environment/Foliage/Textures/T_Diffuse_plant_01.uasset" 629
"../../../Aiya2/Content/Environment/Foliage/Materials/M_Plant_01.uasset" 630
"../../../Aiya2/Content/Environment/Foliage/Materials/M_Plant_01_Inst_01.uasset" 631
"../../../Aiya2/Content/Environment/Foliage/Meshes/SM_Plant_01_01.uasset" 632
"../../../Aiya2/Content/Environment/Foliage/Textures/T_Diffuse_plant_02.uasset" 633
"../../../Aiya2/Content/Environment/Foliage/Materials/M_Plant_01_Inst_02.uasset" 634
"../../../Aiya2/Content/Environment/Foliage/Meshes/SM_Plant_01_02.uasset" 635
"../../../Aiya2/Content/Environment/Foliage/Textures/T_Diffuse_plant_03.uasset" 636
"../../../Aiya2/Content/Environment/Foliage/Materials/M_Plant_01_Inst_03.uasset" 637
"../../../Aiya2/Content/Environment/Foliage/Meshes/SM_Plant_01_03.uasset" 638
"../../../Aiya2/Content/Environment/Foliage/Textures/T_Alpha_Plant_02.uasset" 639
"../../../Aiya2/Content/Environment/Foliage/Textures/T_Plant_02_01.uasset" 640
"../../../Aiya2/Content/Environment/Foliage/Materials/M_Plant_02.uasset" 641
"../../../Aiya2/Content/Environment/Foliage/Meshes/SM_Plant_02.uasset" 642
"../../../Aiya2/Content/Environment/Foliage/Textures/T_Alpha_Clover_01.uasset" 643
"../../../Aiya2/Content/Environment/Foliage/Textures/T_Diffuse_Clover_01.uasset" 644
"../../../Aiya2/Content/Environment/Foliage/Materials/M_Plant_03.uasset" 645
"../../../Aiya2/Content/Environment/Foliage/Materials/M_Plant_03_Inst_01.uasset" 646
"../../../Aiya2/Content/Environment/Foliage/Meshes/SM_Plant_03_01.uasset" 647
"../../../Aiya2/Content/Environment/Foliage/Textures/T_Alpha_Clover_02.uasset" 648
"../../../Aiya2/Content/Environment/Foliage/Textures/T_Diffuse_Clover_02.uasset" 649
"../../../Aiya2/Content/Environment/Foliage/Materials/M_Plant_03_Inst_02.uasset" 650
"../../../Aiya2/Content/Environment/Foliage/Meshes/SM_Plant_03_02.uasset" 651
"../../../Aiya2/Content/Environment/Foliage/Textures/T_Alpha_clover_03.uasset" 652
"../../../Aiya2/Content/Environment/Foliage/Textures/T_Diffuse_clover_03.uasset" 653
"../../../Aiya2/Content/Environment/Foliage/Materials/M_Plant_03_Inst_03.uasset" 654
"../../../Aiya2/Content/Environment/Foliage/Meshes/SM_Plant_03_03.uasset" 655
"../../../Aiya2/Content/Environment/Foliage/RandomFoliage.uasset" 656
"../../../Aiya2/Content/UsableActor/QuestGiver.uasset" 657
"../../../Aiya2/Content/UsableActor/Inventory/WorldItems/Textures/T_Cat_01.uasset" 658
"../../../Aiya2/Content/UsableActor/Inventory/WorldItems/Materials/M_Cat_01.uasset" 659
"../../../Aiya2/Content/UsableActor/Inventory/WorldItems/Meshes/SM_Cat_01.uasset" 660
"../../../Aiya2/Content/UsableActor/Cat.uasset" 661
"../../../Aiya2/Content/Environment/Shading/Textures/T_Cel_Shading_Gradiant_08.uasset" 662
"../../../Aiya2/Content/Environment/Shading/Standard.uasset" 663
"../../../Aiya2/Content/Environment/Shading/Standard_Inst.uasset" 664
"../../../Engine/Content/EditorLandscapeResources/SplineEditorMeshMat.uasset" 665
"../../../Engine/Content/EditorLandscapeResources/SplineEditorMesh.uasset" 666
"../../../Aiya2/Content/Environment/Textures/M_Water_Waves_Inst_ShorterFade.uasset" 667
"../../../Aiya2/Content/Environment/Meshes/SM_Water_Waves_2.uasset" 668
"../../../Aiya2/Content/TestMap.umap" 669
"../../../Aiya2/Content/Environment/Buildings/Meshes/SM_Fountain_Spout_03.uasset" 670
"../../../Aiya2/Content/Environment/Buildings/Actors/BP_Fountain_Spout.uasset" 671
"../../../Aiya2/Content/Environment/Buildings/Actors/BP_Fountain_Ripples.uasset" 672
"../../../Aiya2/Content/Environment/Buildings/Actors/BP_Fountain_Water.uasset" 673
"../../../Aiya2/Content/QuestSystem/Fountain_Quest_Zone.uasset" 674
"../../../Aiya2/Content/Assets/Textures/T_Hose_01.uasset" 675
"../../../Aiya2/Content/Assets/Materials/M_Hose_01.uasset" 676
"../../../Aiya2/Content/Assets/Meshes/SM_Hose_01.uasset" 677
"../../../Aiya2/Content/Assets/Textures/T_Hose_Icon.uasset" 678
"../../../Aiya2/Content/UsableActor/Inventory/FountainPiece_Hose.uasset" 679
"../../../Aiya2/Content/Environment/Buildings/Textures/crate.uasset" 680
"../../../Aiya2/Content/Environment/Buildings/Materials/crate_Mat.uasset" 681
"../../../Aiya2/Content/Environment/Buildings/Meshes/Box001Mat.uasset" 682
"../../../Aiya2/Content/Environment/Buildings/Meshes/crate.uasset" 683
"../../../Aiya2/Content/QuestSystem/Quests/crates/Audio/A_CratePush_Cue.uasset" 684
"../../../Aiya2/Content/UsableActor/PushableBox.uasset" 685
"../../../Aiya2/Content/Environment/Landscape/Resources/Dirt_LayerInfo.uasset" 686
"../../../Aiya2/Content/Environment/Landscape/Resources/Grass_LayerInfo.uasset" 687
"../../../Aiya2/Content/Environment/Landscape/Resources/Sand_LayerInfo.uasset" 688
"../../../Aiya2/Content/Environment/Landscape/Resources/Stone_LayerInfo.uasset" 689
"../../../Aiya2/Content/Environment/Buildings/Textures/AWNING2.uasset" 690
"../../../Aiya2/Content/Environment/Buildings/Materials/AWNING2_Mat.uasset" 691
"../../../Aiya2/Content/Environment/Buildings/Textures/awning3.uasset" 692
"../../../Aiya2/Content/Environment/Buildings/Materials/awning3_Mat.uasset" 693
"../../../Aiya2/Content/Environment/Buildings/Textures/boafullt2.uasset" 694
"../../../Aiya2/Content/Environment/Buildings/Materials/boafullt2_Mat.uasset" 695
"../../../Aiya2/Content/Environment/Buildings/Textures/boafullt.uasset" 696
"../../../Aiya2/Content/Environment/Buildings/Materials/boafullt_Mat.uasset" 697
"../../../Aiya2/Content/Environment/Buildings/Textures/building.uasset" 698
"../../../Aiya2/Content/Environment/Buildings/Materials/building_Mat.uasset" 699
"../../../Aiya2/Content/Environment/Buildings/Textures/fountainbase.uasset" 700
"../../../Aiya2/Content/Environment/Buildings/Materials/fountainbase_Mat.uasset" 701
"../../../Aiya2/Content/Environment/Buildings/Textures/pot.uasset" 702
"../../../Aiya2/Content/Environment/Buildings/Materials/pot_Mat.uasset" 703
"../../../Aiya2/Content/Environment/Buildings/Textures/sidedome.uasset" 704
"../../../Aiya2/Content/Environment/Buildings/Materials/sidedome_Mat.uasset" 705
"../../../Aiya2/Content/Environment/Buildings/Textures/StepLanding_Diffuse.uasset" 706
"../../../Aiya2/Content/Environment/Buildings/Materials/StepLanding_Mat.uasset" 707
"../../../Aiya2/Content/Environment/Buildings/Textures/Steps_Diffuse.uasset" 708
"../../../Aiya2/Content/Environment/Buildings/Materials/Steps_Mat.uasset" 709
"../../../Aiya2/Content/Environment/Buildings/Textures/T_largeawning.uasset" 710
"../../../Aiya2/Content/Environment/Buildings/Materials/T_largeawning_Mat.uasset" 711
"../../../Aiya2/Content/Environment/Buildings/Textures/window3.uasset" 712
"../../../Aiya2/Content/Environment/Buildings/Materials/window3_Mat.uasset" 713
"../../../Aiya2/Content/Environment/Buildings/Textures/window4.uasset" 714
"../../../Aiya2/Content/Environment/Buildings/Materials/window4_Mat.uasset" 715
"../../../Aiya2/Content/Environment/Buildings/Textures/doors/Door1_Diffuse3.uasset" 716
"../../../Aiya2/Content/Environment/Buildings/Textures/doors/Door1_Diffuse3_Mat.uasset" 717
"../../../Aiya2/Content/Environment/Buildings/Textures/doors/Door2_DiffuseACTUAL.uasset" 718
"../../../Aiya2/Content/Environment/Buildings/Textures/doors/Door2_DiffuseACTUAL_Mat.uasset" 719
"../../../Aiya2/Content/Environment/Buildings/Textures/doors/Door3_Diffuse3.uasset" 720
"../../../Aiya2/Content/Environment/Buildings/Textures/doors/Door3_Diffuse3_Mat.uasset" 721
"../../../Aiya2/Content/Environment/Buildings/Textures/Fence/fence1.uasset" 722
"../../../Aiya2/Content/Environment/Buildings/Textures/Fence/fence1_Mat.uasset" 723
"../../../Aiya2/Content/Environment/Buildings/Textures/Fence/fence2.uasset" 724
"../../../Aiya2/Content/Environment/Buildings/Textures/Fence/fence2_Mat.uasset" 725
"../../../Aiya2/Content/Environment/Buildings/Textures/Fence/fence3.uasset" 726
"../../../Aiya2/Content/Environment/Buildings/Textures/Fence/fence3_Mat.uasset" 727
"../../../Aiya2/Content/Environment/Buildings/Textures/Fence/fencepost_Diffuse.uasset" 728
"../../../Aiya2/Content/Environment/Buildings/Textures/Fence/fencepost_Mat.uasset" 729
"../../../Aiya2/Content/Environment/Buildings/Textures/WallColors/wallcolor1.uasset" 730
"../../../Aiya2/Content/Environment/Buildings/Textures/WallColors/wallcolor1_Mat.uasset" 731
"../../../Aiya2/Content/Environment/Buildings/Textures/WallColors/wallcolor2.uasset" 732
"../../../Aiya2/Content/Environment/Buildings/Textures/WallColors/wallcolor2_Mat.uasset" 733
"../../../Aiya2/Content/Environment/Buildings/Textures/WallColors/wallcolor3.uasset" 734
"../../../Aiya2/Content/Environment/Buildings/Textures/WallColors/wallcolor3_Mat.uasset" 735
"../../../Aiya2/Content/Environment/Buildings/Textures/WallColors/wallcolor4.uasset" 736
"../../../Aiya2/Content/Environment/Buildings/Textures/WallColors/wallcolor4_Mat.uasset" 737
"../../../Aiya2/Content/Environment/Landscape/Textures/sandnowaves.uasset" 738
"../../../Aiya2/Content/Environment/Landscape/Textures/T_Cliff.uasset" 739
"../../../Aiya2/Content/Environment/Landscape/Textures/T_Dirt.uasset" 740
"../../../Aiya2/Content/Environment/Landscape/Textures/T_Grass_01.uasset" 741
"../../../Aiya2/Content/Environment/Landscape/Textures/T_Sand.uasset" 742
"../../../Aiya2/Content/Environment/Landscape/Materials/M_Landscape_01.uasset" 743
"../../../Aiya2/Content/Environment/Landscape/Materials/M_Landscape_01_Inst.uasset" 744
"../../../Aiya2/Content/UsableActor/Materials/PostProcessing/Base/PP_OutlineCustomDepthOcclusion.uasset" 745
"../../../Aiya2/Content/UsableActor/Materials/PostProcessing/Base/PP_OutlineCustomDepthOcclusion_Inst.uasset" 746
"../../../Aiya2/Content/Environment/Audio/A_Waves.uasset" 747
"../../../Aiya2/Content/Environment/Buildings/Meshes/Awning_1Mat.uasset" 748
"../../../Aiya2/Content/Environment/Buildings/Meshes/awning_1.uasset" 749
"../../../Aiya2/Content/Environment/Buildings/Meshes/Awning_2Mat.uasset" 750
"../../../Aiya2/Content/Environment/Buildings/Meshes/awning_2.uasset" 751
"../../../Aiya2/Content/Environment/Buildings/Meshes/dfgdfgdfgdfgdfg.uasset" 752
"../../../Aiya2/Content/Environment/Buildings/Meshes/doors/Door1Mat.uasset" 753
"../../../Aiya2/Content/Environment/Buildings/Meshes/doors/door1.uasset" 754
"../../../Aiya2/Content/Environment/Buildings/Meshes/doors/door2Mat.uasset" 755
"../../../Aiya2/Content/Environment/Buildings/Meshes/doors/door2.uasset" 756
"../../../Aiya2/Content/Environment/Buildings/Meshes/doors/Door3Mat.uasset" 757
"../../../Aiya2/Content/Environment/Buildings/Meshes/doors/door3.uasset" 758
"../../../Aiya2/Content/Environment/Buildings/Meshes/fence1Mat.uasset" 759
"../../../Aiya2/Content/Environment/Buildings/Meshes/Fence/Fence1.uasset" 760
"../../../Aiya2/Content/Environment/Buildings/Meshes/fence2Mat.uasset" 761
"../../../Aiya2/Content/Environment/Buildings/Meshes/Fence/Fence2.uasset" 762
"../../../Aiya2/Content/Environment/Buildings/Meshes/fence004Mat.uasset" 763
"../../../Aiya2/Content/Environment/Buildings/Meshes/Fence/fence3.uasset" 764
"../../../Aiya2/Content/Environment/Buildings/Meshes/PostMat.uasset" 765
"../../../Aiya2/Content/Environment/Buildings/Meshes/Fence/fencepost.uasset" 766
"../../../Aiya2/Content/Environment/Buildings/Meshes/BaseMat.uasset" 767
"../../../Aiya2/Content/Environment/Buildings/Meshes/Fountain_Rim.uasset" 768
"../../../Aiya2/Content/Environment/Buildings/Textures/Torus001Mat.uasset" 769
"../../../Aiya2/Content/Environment/Buildings/Meshes/fullboat.uasset" 770
"../../../Aiya2/Content/Environment/Buildings/Meshes/Cylinder013Mat.uasset" 771
"../../../Aiya2/Content/Environment/Buildings/Meshes/halfdome.uasset" 772
"../../../Aiya2/Content/Environment/Buildings/Materials/Plane014Mat.uasset" 773
"../../../Aiya2/Content/Environment/Buildings/Meshes/largeawning.uasset" 774
"../../../Aiya2/Content/Environment/Buildings/Meshes/RoadKillOutMat.uasset" 775
"../../../Aiya2/Content/Environment/Buildings/Meshes/pot.uasset" 776
"../../../Aiya2/Content/Environment/Buildings/Meshes/Box029Mat.uasset" 777
"../../../Aiya2/Content/Environment/Buildings/Meshes/stairstotemple.uasset" 778
"../../../Aiya2/Content/Environment/Buildings/Meshes/Object002Mat.uasset" 779
"../../../Aiya2/Content/Environment/Buildings/Meshes/StepLanding.uasset" 780
"../../../Aiya2/Content/Environment/Buildings/Meshes/steplanding2.uasset" 781
"../../../Aiya2/Content/Environment/Buildings/Meshes/step007Mat.uasset" 782
"../../../Aiya2/Content/Environment/Buildings/Meshes/steps.uasset" 783
"../../../Aiya2/Content/Environment/Buildings/Meshes/steps2.uasset" 784
"../../../Aiya2/Content/Environment/Buildings/Meshes/19___Default.uasset" 785
"../../../Aiya2/Content/Environment/Buildings/Meshes/Windows/window1.uasset" 786
"../../../Aiya2/Content/Environment/Buildings/Meshes/Windows/window3Mat.uasset" 787
"../../../Aiya2/Content/Environment/Buildings/Meshes/Windows/window3.uasset" 788
"../../../Aiya2/Content/Environment/Buildings/Meshes/Windows/window4Mat.uasset" 789
"../../../Aiya2/Content/Environment/Buildings/Meshes/Windows/window4.uasset" 790
"../../../Aiya2/Content/SM_Hour_Top_Cornices.uasset" 791
"../../../Aiya2/Content/SM_House_Base_01.uasset" 792
"../../../Aiya2/Content/SM_House_Top_Diaganol_01.uasset" 793
"../../../Aiya2/Content/SM_House_Top_Squares_01.uasset" 794
"../../../Aiya2/Content/Aiya.umap" 795
